<?xml version="1.0" encoding="UTF-8"?>
<!-- Generated by org.testng.reporters.JUnitReportReporter -->
<testsuite hostname="LAPTOP-I8NKI0CT" failures="0" tests="2" name="Runners.TestRunner" time="19.908" errors="0" timestamp="2024-12-19T09:18:55 IST" skipped="0">
  <testcase classname="Runners.TestRunner" name="runCucumberTest" time="10.046"/>
  <system-out/>
  <testcase classname="Runners.TestRunner" name="runCucumberTest" time="9.862"/>
  <system-out/>
</testsuite> <!-- Runners.TestRunner -->
